<?xml version="1.0" encoding="UTF-8"?>
<!-- Generated by org.testng.reporters.JUnitReportReporter -->
<testsuite hostname="LAPTOP-CM2AC29A" failures="0" tests="1" name="automation.com.selenium.SQLDemo" time="0.692" errors="0" timestamp="2020-09-05T23:08:34 IST" skipped="0">
  <testcase classname="automation.com.selenium.SQLDemo" name="sqlDemoTest" time="0.692"/>
  <system-out/>
</testsuite> <!-- automation.com.selenium.SQLDemo -->
